build/app/intermediates/manifest_merge_blame_file/release/manifest-merger-blame-release-report.txt
1<?xml version="1.0" encoding="utf-8"?>
2<manifest xmlns:android="http://schemas.android.com/apk/res/android"
3    package="com.adlink.vetdrugegyPlus"
4    android:versionCode="36"
5    android:versionName="1.0.27" >
6
7    <uses-sdk
8        android:minSdkVersion="21"
8-->src\main\AndroidManifest.xml
9        android:targetSdkVersion="34" />
9-->src\main\AndroidManifest.xml
10
11    <uses-permission android:name="android.permission.INTERNET" />
11-->src\main\AndroidManifest.xml:2:5-66
11-->src\main\AndroidManifest.xml:2:22-64
12    <uses-permission android:name="android.permission.ACCESS_COARSE_LOCATION" />
12-->src\main\AndroidManifest.xml:3:5-81
12-->src\main\AndroidManifest.xml:3:22-78
13    <uses-permission android:name="android.permission.ACCESS_FINE_LOCATION" />
13-->src\main\AndroidManifest.xml:4:5-79
13-->src\main\AndroidManifest.xml:4:22-76
14    <uses-permission
14-->[:file_picker] AndroidManifest.xml:9:5-11:38
15        android:name="android.permission.READ_EXTERNAL_STORAGE"
15-->[:file_picker] AndroidManifest.xml:10:9-64
16        android:maxSdkVersion="32" />
16-->[:file_picker] AndroidManifest.xml:11:9-35
17
18    <queries>
18-->[:file_picker] AndroidManifest.xml:13:5-19:15
19        <intent>
19-->[:file_picker] AndroidManifest.xml:14:9-18:18
20            <action android:name="android.intent.action.GET_CONTENT" />
20-->[:file_picker] AndroidManifest.xml:15:13-72
20-->[:file_picker] AndroidManifest.xml:15:21-69
21
22            <data android:mimeType="*/*" />
22-->[:file_picker] AndroidManifest.xml:17:13-44
22-->[:file_picker] AndroidManifest.xml:17:19-41
23        </intent>
24        <intent>
24-->[:flutter_inappwebview_android] AndroidManifest.xml:10:9-12:18
25            <action android:name="android.support.customtabs.action.CustomTabsService" />
25-->[:flutter_inappwebview_android] AndroidManifest.xml:11:13-90
25-->[:flutter_inappwebview_android] AndroidManifest.xml:11:21-87
26        </intent>
27    </queries>
28
29    <uses-permission android:name="android.permission.WAKE_LOCK" />
29-->[:firebase_messaging] AndroidManifest.xml:10:5-68
29-->[:firebase_messaging] AndroidManifest.xml:10:22-65
30    <uses-permission android:name="android.permission.ACCESS_NETWORK_STATE" /> <!-- Permissions options for the `notification` group -->
30-->[:firebase_messaging] AndroidManifest.xml:11:5-79
30-->[:firebase_messaging] AndroidManifest.xml:11:22-76
31    <uses-permission android:name="android.permission.POST_NOTIFICATIONS" /> <!-- Required by older versions of Google Play services to create IID tokens -->
31-->[:firebase_messaging] AndroidManifest.xml:13:5-77
31-->[:firebase_messaging] AndroidManifest.xml:13:22-74
32    <uses-permission android:name="com.google.android.c2dm.permission.RECEIVE" />
32-->[com.google.firebase:firebase-messaging:24.0.3] AndroidManifest.xml:26:5-82
32-->[com.google.firebase:firebase-messaging:24.0.3] AndroidManifest.xml:26:22-79
33
34    <permission
34-->[androidx.core:core:1.13.1] AndroidManifest.xml:22:5-24:47
35        android:name="com.adlink.vetdrugegyPlus.DYNAMIC_RECEIVER_NOT_EXPORTED_PERMISSION"
35-->[androidx.core:core:1.13.1] AndroidManifest.xml:23:9-81
36        android:protectionLevel="signature" />
36-->[androidx.core:core:1.13.1] AndroidManifest.xml:24:9-44
37
38    <uses-permission android:name="com.adlink.vetdrugegyPlus.DYNAMIC_RECEIVER_NOT_EXPORTED_PERMISSION" />
38-->[androidx.core:core:1.13.1] AndroidManifest.xml:26:5-97
38-->[androidx.core:core:1.13.1] AndroidManifest.xml:26:22-94
39
40    <application
41        android:name="android.app.Application"
41-->src\main\AndroidManifest.xml:7:9-42
42        android:appComponentFactory="androidx.core.app.CoreComponentFactory"
42-->[androidx.core:core:1.13.1] AndroidManifest.xml:28:18-86
43        android:enableOnBackInvokedCallback="true"
43-->src\main\AndroidManifest.xml:9:13-55
44        android:icon="@mipmap/ic_launcher"
44-->src\main\AndroidManifest.xml:8:9-43
45        android:label="Vet Drug Egy" >
45-->src\main\AndroidManifest.xml:6:9-37
46        <activity
46-->src\main\AndroidManifest.xml:11:9-31:20
47            android:name="com.adlink.vetdrugegyPlus.MainActivity"
47-->src\main\AndroidManifest.xml:12:13-41
48            android:configChanges="orientation|keyboardHidden|keyboard|screenSize|smallestScreenSize|locale|layoutDirection|fontScale|screenLayout|density|uiMode"
48-->src\main\AndroidManifest.xml:16:13-163
49            android:exported="true"
49-->src\main\AndroidManifest.xml:13:13-36
50            android:hardwareAccelerated="true"
50-->src\main\AndroidManifest.xml:17:13-47
51            android:launchMode="singleTop"
51-->src\main\AndroidManifest.xml:14:13-43
52            android:theme="@style/LaunchTheme"
52-->src\main\AndroidManifest.xml:15:13-47
53            android:windowSoftInputMode="adjustResize" >
53-->src\main\AndroidManifest.xml:18:13-55
54
55            <!--
56                 Specifies an Android theme to apply to this Activity as soon as
57                 the Android process has started. This theme is visible to the user
58                 while the Flutter UI initializes. After that, this theme continues
59                 to determine the Window background behind the Flutter UI.
60            -->
61            <meta-data
61-->src\main\AndroidManifest.xml:23:13-26:17
62                android:name="io.flutter.embedding.android.NormalTheme"
62-->src\main\AndroidManifest.xml:24:15-70
63                android:resource="@style/NormalTheme" />
63-->src\main\AndroidManifest.xml:25:15-52
64
65            <intent-filter>
65-->src\main\AndroidManifest.xml:27:13-30:29
66                <action android:name="android.intent.action.MAIN" />
66-->src\main\AndroidManifest.xml:28:17-68
66-->src\main\AndroidManifest.xml:28:25-66
67
68                <category android:name="android.intent.category.LAUNCHER" />
68-->src\main\AndroidManifest.xml:29:17-76
68-->src\main\AndroidManifest.xml:29:27-74
69            </intent-filter>
70        </activity>
71        <!--
72             Don't delete the meta-data below.
73             This is used by the Flutter tool to generate GeneratedPluginRegistrant.java
74        -->
75        <meta-data
75-->src\main\AndroidManifest.xml:34:9-36:33
76            android:name="flutterEmbedding"
76-->src\main\AndroidManifest.xml:35:13-44
77            android:value="2" />
77-->src\main\AndroidManifest.xml:36:13-30
78
79        <service
79-->[:firebase_messaging] AndroidManifest.xml:16:9-19:72
80            android:name="io.flutter.plugins.firebase.messaging.FlutterFirebaseMessagingBackgroundService"
80-->[:firebase_messaging] AndroidManifest.xml:17:13-107
81            android:exported="false"
81-->[:firebase_messaging] AndroidManifest.xml:18:13-37
82            android:permission="android.permission.BIND_JOB_SERVICE" />
82-->[:firebase_messaging] AndroidManifest.xml:19:13-69
83        <service
83-->[:firebase_messaging] AndroidManifest.xml:20:9-26:19
84            android:name="io.flutter.plugins.firebase.messaging.FlutterFirebaseMessagingService"
84-->[:firebase_messaging] AndroidManifest.xml:21:13-97
85            android:exported="false" >
85-->[:firebase_messaging] AndroidManifest.xml:22:13-37
86            <intent-filter>
86-->[:firebase_messaging] AndroidManifest.xml:23:13-25:29
87                <action android:name="com.google.firebase.MESSAGING_EVENT" />
87-->[:firebase_messaging] AndroidManifest.xml:24:17-78
87-->[:firebase_messaging] AndroidManifest.xml:24:25-75
88            </intent-filter>
89        </service>
90
91        <receiver
91-->[:firebase_messaging] AndroidManifest.xml:28:9-35:20
92            android:name="io.flutter.plugins.firebase.messaging.FlutterFirebaseMessagingReceiver"
92-->[:firebase_messaging] AndroidManifest.xml:29:13-98
93            android:exported="true"
93-->[:firebase_messaging] AndroidManifest.xml:30:13-36
94            android:permission="com.google.android.c2dm.permission.SEND" >
94-->[:firebase_messaging] AndroidManifest.xml:31:13-73
95            <intent-filter>
95-->[:firebase_messaging] AndroidManifest.xml:32:13-34:29
96                <action android:name="com.google.android.c2dm.intent.RECEIVE" />
96-->[:firebase_messaging] AndroidManifest.xml:33:17-81
96-->[:firebase_messaging] AndroidManifest.xml:33:25-78
97            </intent-filter>
98        </receiver>
99
100        <service
100-->[:firebase_messaging] AndroidManifest.xml:37:9-41:19
101            android:name="com.google.firebase.components.ComponentDiscoveryService"
101-->[:firebase_messaging] AndroidManifest.xml:37:18-89
102            android:directBootAware="true"
102-->[com.google.firebase:firebase-common:21.0.0] AndroidManifest.xml:32:13-43
103            android:exported="false" >
103-->[com.google.firebase:firebase-messaging:24.0.3] AndroidManifest.xml:56:13-37
104            <meta-data
104-->[:firebase_messaging] AndroidManifest.xml:38:13-40:85
105                android:name="com.google.firebase.components:io.flutter.plugins.firebase.messaging.FlutterFirebaseAppRegistrar"
105-->[:firebase_messaging] AndroidManifest.xml:39:17-128
106                android:value="com.google.firebase.components.ComponentRegistrar" />
106-->[:firebase_messaging] AndroidManifest.xml:40:17-82
107            <meta-data
107-->[:firebase_core] AndroidManifest.xml:11:13-13:85
108                android:name="com.google.firebase.components:io.flutter.plugins.firebase.core.FlutterFirebaseCoreRegistrar"
108-->[:firebase_core] AndroidManifest.xml:12:17-124
109                android:value="com.google.firebase.components.ComponentRegistrar" />
109-->[:firebase_core] AndroidManifest.xml:13:17-82
110            <meta-data
110-->[com.google.firebase:firebase-messaging:24.0.3] AndroidManifest.xml:57:13-59:85
111                android:name="com.google.firebase.components:com.google.firebase.messaging.FirebaseMessagingKtxRegistrar"
111-->[com.google.firebase:firebase-messaging:24.0.3] AndroidManifest.xml:58:17-122
112                android:value="com.google.firebase.components.ComponentRegistrar" />
112-->[com.google.firebase:firebase-messaging:24.0.3] AndroidManifest.xml:59:17-82
113            <meta-data
113-->[com.google.firebase:firebase-messaging:24.0.3] AndroidManifest.xml:60:13-62:85
114                android:name="com.google.firebase.components:com.google.firebase.messaging.FirebaseMessagingRegistrar"
114-->[com.google.firebase:firebase-messaging:24.0.3] AndroidManifest.xml:61:17-119
115                android:value="com.google.firebase.components.ComponentRegistrar" />
115-->[com.google.firebase:firebase-messaging:24.0.3] AndroidManifest.xml:62:17-82
116            <meta-data
116-->[com.google.firebase:firebase-installations:18.0.0] AndroidManifest.xml:15:13-17:85
117                android:name="com.google.firebase.components:com.google.firebase.installations.FirebaseInstallationsKtxRegistrar"
117-->[com.google.firebase:firebase-installations:18.0.0] AndroidManifest.xml:16:17-130
118                android:value="com.google.firebase.components.ComponentRegistrar" />
118-->[com.google.firebase:firebase-installations:18.0.0] AndroidManifest.xml:17:17-82
119            <meta-data
119-->[com.google.firebase:firebase-installations:18.0.0] AndroidManifest.xml:18:13-20:85
120                android:name="com.google.firebase.components:com.google.firebase.installations.FirebaseInstallationsRegistrar"
120-->[com.google.firebase:firebase-installations:18.0.0] AndroidManifest.xml:19:17-127
121                android:value="com.google.firebase.components.ComponentRegistrar" />
121-->[com.google.firebase:firebase-installations:18.0.0] AndroidManifest.xml:20:17-82
122            <meta-data
122-->[com.google.firebase:firebase-common-ktx:21.0.0] AndroidManifest.xml:12:13-14:85
123                android:name="com.google.firebase.components:com.google.firebase.ktx.FirebaseCommonLegacyRegistrar"
123-->[com.google.firebase:firebase-common-ktx:21.0.0] AndroidManifest.xml:13:17-116
124                android:value="com.google.firebase.components.ComponentRegistrar" />
124-->[com.google.firebase:firebase-common-ktx:21.0.0] AndroidManifest.xml:14:17-82
125            <meta-data
125-->[com.google.firebase:firebase-common:21.0.0] AndroidManifest.xml:35:13-37:85
126                android:name="com.google.firebase.components:com.google.firebase.FirebaseCommonKtxRegistrar"
126-->[com.google.firebase:firebase-common:21.0.0] AndroidManifest.xml:36:17-109
127                android:value="com.google.firebase.components.ComponentRegistrar" />
127-->[com.google.firebase:firebase-common:21.0.0] AndroidManifest.xml:37:17-82
128            <meta-data
128-->[com.google.firebase:firebase-datatransport:18.2.0] AndroidManifest.xml:25:13-27:85
129                android:name="com.google.firebase.components:com.google.firebase.datatransport.TransportRegistrar"
129-->[com.google.firebase:firebase-datatransport:18.2.0] AndroidManifest.xml:26:17-115
130                android:value="com.google.firebase.components.ComponentRegistrar" />
130-->[com.google.firebase:firebase-datatransport:18.2.0] AndroidManifest.xml:27:17-82
131        </service>
132
133        <provider
133-->[:firebase_messaging] AndroidManifest.xml:43:9-47:38
134            android:name="io.flutter.plugins.firebase.messaging.FlutterFirebaseMessagingInitProvider"
134-->[:firebase_messaging] AndroidManifest.xml:44:13-102
135            android:authorities="com.adlink.vetdrugegyPlus.flutterfirebasemessaginginitprovider"
135-->[:firebase_messaging] AndroidManifest.xml:45:13-88
136            android:exported="false"
136-->[:firebase_messaging] AndroidManifest.xml:46:13-37
137            android:initOrder="99" />
137-->[:firebase_messaging] AndroidManifest.xml:47:13-35
138
139        <activity
139-->[:flutter_inappwebview_android] AndroidManifest.xml:16:9-20:47
140            android:name="com.pichillilorenzo.flutter_inappwebview_android.in_app_browser.InAppBrowserActivity"
140-->[:flutter_inappwebview_android] AndroidManifest.xml:17:13-112
141            android:configChanges="orientation|keyboardHidden|keyboard|screenSize|locale|layoutDirection|fontScale|screenLayout|density"
141-->[:flutter_inappwebview_android] AndroidManifest.xml:18:13-137
142            android:exported="false"
142-->[:flutter_inappwebview_android] AndroidManifest.xml:19:13-37
143            android:theme="@style/AppTheme" />
143-->[:flutter_inappwebview_android] AndroidManifest.xml:20:13-44
144        <activity
144-->[:flutter_inappwebview_android] AndroidManifest.xml:21:9-24:55
145            android:name="com.pichillilorenzo.flutter_inappwebview_android.chrome_custom_tabs.ChromeCustomTabsActivity"
145-->[:flutter_inappwebview_android] AndroidManifest.xml:22:13-120
146            android:exported="false"
146-->[:flutter_inappwebview_android] AndroidManifest.xml:23:13-37
147            android:theme="@style/ThemeTransparent" />
147-->[:flutter_inappwebview_android] AndroidManifest.xml:24:13-52
148        <activity
148-->[:flutter_inappwebview_android] AndroidManifest.xml:25:9-28:55
149            android:name="com.pichillilorenzo.flutter_inappwebview_android.chrome_custom_tabs.TrustedWebActivity"
149-->[:flutter_inappwebview_android] AndroidManifest.xml:26:13-114
150            android:exported="false"
150-->[:flutter_inappwebview_android] AndroidManifest.xml:27:13-37
151            android:theme="@style/ThemeTransparent" />
151-->[:flutter_inappwebview_android] AndroidManifest.xml:28:13-52
152        <activity
152-->[:flutter_inappwebview_android] AndroidManifest.xml:29:9-33:55
153            android:name="com.pichillilorenzo.flutter_inappwebview_android.chrome_custom_tabs.ChromeCustomTabsActivitySingleInstance"
153-->[:flutter_inappwebview_android] AndroidManifest.xml:30:13-134
154            android:exported="false"
154-->[:flutter_inappwebview_android] AndroidManifest.xml:31:13-37
155            android:launchMode="singleInstance"
155-->[:flutter_inappwebview_android] AndroidManifest.xml:32:13-48
156            android:theme="@style/ThemeTransparent" />
156-->[:flutter_inappwebview_android] AndroidManifest.xml:33:13-52
157        <activity
157-->[:flutter_inappwebview_android] AndroidManifest.xml:34:9-38:55
158            android:name="com.pichillilorenzo.flutter_inappwebview_android.chrome_custom_tabs.TrustedWebActivitySingleInstance"
158-->[:flutter_inappwebview_android] AndroidManifest.xml:35:13-128
159            android:exported="false"
159-->[:flutter_inappwebview_android] AndroidManifest.xml:36:13-37
160            android:launchMode="singleInstance"
160-->[:flutter_inappwebview_android] AndroidManifest.xml:37:13-48
161            android:theme="@style/ThemeTransparent" />
161-->[:flutter_inappwebview_android] AndroidManifest.xml:38:13-52
162
163        <receiver
163-->[:flutter_inappwebview_android] AndroidManifest.xml:40:9-43:40
164            android:name="com.pichillilorenzo.flutter_inappwebview_android.chrome_custom_tabs.ActionBroadcastReceiver"
164-->[:flutter_inappwebview_android] AndroidManifest.xml:41:13-119
165            android:enabled="true"
165-->[:flutter_inappwebview_android] AndroidManifest.xml:42:13-35
166            android:exported="false" />
166-->[:flutter_inappwebview_android] AndroidManifest.xml:43:13-37
167
168        <meta-data
168-->[:flutter_inappwebview_android] AndroidManifest.xml:45:9-47:36
169            android:name="io.flutter.embedded_views_preview"
169-->[:flutter_inappwebview_android] AndroidManifest.xml:46:13-61
170            android:value="true" />
170-->[:flutter_inappwebview_android] AndroidManifest.xml:47:13-33
171
172        <provider
172-->[:image_picker_android] AndroidManifest.xml:11:9-19:20
173            android:name="io.flutter.plugins.imagepicker.ImagePickerFileProvider"
173-->[:image_picker_android] AndroidManifest.xml:12:13-82
174            android:authorities="com.adlink.vetdrugegyPlus.flutter.image_provider"
174-->[:image_picker_android] AndroidManifest.xml:13:13-74
175            android:exported="false"
175-->[:image_picker_android] AndroidManifest.xml:14:13-37
176            android:grantUriPermissions="true" >
176-->[:image_picker_android] AndroidManifest.xml:15:13-47
177            <meta-data
177-->[:image_picker_android] AndroidManifest.xml:16:13-18:75
178                android:name="android.support.FILE_PROVIDER_PATHS"
178-->[:image_picker_android] AndroidManifest.xml:17:17-67
179                android:resource="@xml/flutter_image_picker_file_paths" />
179-->[:image_picker_android] AndroidManifest.xml:18:17-72
180        </provider> <!-- Trigger Google Play services to install the backported photo picker module. -->
181        <service
181-->[:image_picker_android] AndroidManifest.xml:21:9-33:19
182            android:name="com.google.android.gms.metadata.ModuleDependencies"
182-->[:image_picker_android] AndroidManifest.xml:22:13-78
183            android:enabled="false"
183-->[:image_picker_android] AndroidManifest.xml:23:13-36
184            android:exported="false" >
184-->[:image_picker_android] AndroidManifest.xml:24:13-37
185            <intent-filter>
185-->[:image_picker_android] AndroidManifest.xml:26:13-28:29
186                <action android:name="com.google.android.gms.metadata.MODULE_DEPENDENCIES" />
186-->[:image_picker_android] AndroidManifest.xml:27:17-94
186-->[:image_picker_android] AndroidManifest.xml:27:25-91
187            </intent-filter>
188
189            <meta-data
189-->[:image_picker_android] AndroidManifest.xml:30:13-32:36
190                android:name="photopicker_activity:0:required"
190-->[:image_picker_android] AndroidManifest.xml:31:17-63
191                android:value="" />
191-->[:image_picker_android] AndroidManifest.xml:32:17-33
192        </service>
193        <service
193-->[:geolocator_android] AndroidManifest.xml:10:9-14:56
194            android:name="com.baseflow.geolocator.GeolocatorLocationService"
194-->[:geolocator_android] AndroidManifest.xml:11:13-77
195            android:enabled="true"
195-->[:geolocator_android] AndroidManifest.xml:12:13-35
196            android:exported="false"
196-->[:geolocator_android] AndroidManifest.xml:13:13-37
197            android:foregroundServiceType="location" />
197-->[:geolocator_android] AndroidManifest.xml:14:13-53
198
199        <activity
199-->[:url_launcher_android] AndroidManifest.xml:10:9-13:74
200            android:name="io.flutter.plugins.urllauncher.WebViewActivity"
200-->[:url_launcher_android] AndroidManifest.xml:11:13-74
201            android:exported="false"
201-->[:url_launcher_android] AndroidManifest.xml:12:13-37
202            android:theme="@android:style/Theme.NoTitleBar.Fullscreen" />
202-->[:url_launcher_android] AndroidManifest.xml:13:13-71
203
204        <receiver
204-->[com.google.firebase:firebase-messaging:24.0.3] AndroidManifest.xml:29:9-40:20
205            android:name="com.google.firebase.iid.FirebaseInstanceIdReceiver"
205-->[com.google.firebase:firebase-messaging:24.0.3] AndroidManifest.xml:30:13-78
206            android:exported="true"
206-->[com.google.firebase:firebase-messaging:24.0.3] AndroidManifest.xml:31:13-36
207            android:permission="com.google.android.c2dm.permission.SEND" >
207-->[com.google.firebase:firebase-messaging:24.0.3] AndroidManifest.xml:32:13-73
208            <intent-filter>
208-->[:firebase_messaging] AndroidManifest.xml:32:13-34:29
209                <action android:name="com.google.android.c2dm.intent.RECEIVE" />
209-->[:firebase_messaging] AndroidManifest.xml:33:17-81
209-->[:firebase_messaging] AndroidManifest.xml:33:25-78
210            </intent-filter>
211
212            <meta-data
212-->[com.google.firebase:firebase-messaging:24.0.3] AndroidManifest.xml:37:13-39:40
213                android:name="com.google.android.gms.cloudmessaging.FINISHED_AFTER_HANDLED"
213-->[com.google.firebase:firebase-messaging:24.0.3] AndroidManifest.xml:38:17-92
214                android:value="true" />
214-->[com.google.firebase:firebase-messaging:24.0.3] AndroidManifest.xml:39:17-37
215        </receiver>
216        <!--
217             FirebaseMessagingService performs security checks at runtime,
218             but set to not exported to explicitly avoid allowing another app to call it.
219        -->
220        <service
220-->[com.google.firebase:firebase-messaging:24.0.3] AndroidManifest.xml:46:9-53:19
221            android:name="com.google.firebase.messaging.FirebaseMessagingService"
221-->[com.google.firebase:firebase-messaging:24.0.3] AndroidManifest.xml:47:13-82
222            android:directBootAware="true"
222-->[com.google.firebase:firebase-messaging:24.0.3] AndroidManifest.xml:48:13-43
223            android:exported="false" >
223-->[com.google.firebase:firebase-messaging:24.0.3] AndroidManifest.xml:49:13-37
224            <intent-filter android:priority="-500" >
224-->[:firebase_messaging] AndroidManifest.xml:23:13-25:29
225                <action android:name="com.google.firebase.MESSAGING_EVENT" />
225-->[:firebase_messaging] AndroidManifest.xml:24:17-78
225-->[:firebase_messaging] AndroidManifest.xml:24:25-75
226            </intent-filter>
227        </service>
228
229        <activity
229-->[com.google.android.gms:play-services-base:18.3.0] AndroidManifest.xml:20:9-22:45
230            android:name="com.google.android.gms.common.api.GoogleApiActivity"
230-->[com.google.android.gms:play-services-base:18.3.0] AndroidManifest.xml:20:19-85
231            android:exported="false"
231-->[com.google.android.gms:play-services-base:18.3.0] AndroidManifest.xml:22:19-43
232            android:theme="@android:style/Theme.Translucent.NoTitleBar" />
232-->[com.google.android.gms:play-services-base:18.3.0] AndroidManifest.xml:21:19-78
233
234        <provider
234-->[com.google.firebase:firebase-common:21.0.0] AndroidManifest.xml:23:9-28:39
235            android:name="com.google.firebase.provider.FirebaseInitProvider"
235-->[com.google.firebase:firebase-common:21.0.0] AndroidManifest.xml:24:13-77
236            android:authorities="com.adlink.vetdrugegyPlus.firebaseinitprovider"
236-->[com.google.firebase:firebase-common:21.0.0] AndroidManifest.xml:25:13-72
237            android:directBootAware="true"
237-->[com.google.firebase:firebase-common:21.0.0] AndroidManifest.xml:26:13-43
238            android:exported="false"
238-->[com.google.firebase:firebase-common:21.0.0] AndroidManifest.xml:27:13-37
239            android:initOrder="100" />
239-->[com.google.firebase:firebase-common:21.0.0] AndroidManifest.xml:28:13-36
240        <provider
240-->[androidx.emoji2:emoji2:1.2.0] AndroidManifest.xml:24:9-32:20
241            android:name="androidx.startup.InitializationProvider"
241-->[androidx.emoji2:emoji2:1.2.0] AndroidManifest.xml:25:13-67
242            android:authorities="com.adlink.vetdrugegyPlus.androidx-startup"
242-->[androidx.emoji2:emoji2:1.2.0] AndroidManifest.xml:26:13-68
243            android:exported="false" >
243-->[androidx.emoji2:emoji2:1.2.0] AndroidManifest.xml:27:13-37
244            <meta-data
244-->[androidx.emoji2:emoji2:1.2.0] AndroidManifest.xml:29:13-31:52
245                android:name="androidx.emoji2.text.EmojiCompatInitializer"
245-->[androidx.emoji2:emoji2:1.2.0] AndroidManifest.xml:30:17-75
246                android:value="androidx.startup" />
246-->[androidx.emoji2:emoji2:1.2.0] AndroidManifest.xml:31:17-49
247            <meta-data
247-->[androidx.lifecycle:lifecycle-process:2.7.0] AndroidManifest.xml:29:13-31:52
248                android:name="androidx.lifecycle.ProcessLifecycleInitializer"
248-->[androidx.lifecycle:lifecycle-process:2.7.0] AndroidManifest.xml:30:17-78
249                android:value="androidx.startup" />
249-->[androidx.lifecycle:lifecycle-process:2.7.0] AndroidManifest.xml:31:17-49
250            <meta-data
250-->[androidx.profileinstaller:profileinstaller:1.3.1] AndroidManifest.xml:29:13-31:52
251                android:name="androidx.profileinstaller.ProfileInstallerInitializer"
251-->[androidx.profileinstaller:profileinstaller:1.3.1] AndroidManifest.xml:30:17-85
252                android:value="androidx.startup" />
252-->[androidx.profileinstaller:profileinstaller:1.3.1] AndroidManifest.xml:31:17-49
253        </provider>
254
255        <uses-library
255-->[androidx.window:window:1.2.0] AndroidManifest.xml:23:9-25:40
256            android:name="androidx.window.extensions"
256-->[androidx.window:window:1.2.0] AndroidManifest.xml:24:13-54
257            android:required="false" />
257-->[androidx.window:window:1.2.0] AndroidManifest.xml:25:13-37
258        <uses-library
258-->[androidx.window:window:1.2.0] AndroidManifest.xml:26:9-28:40
259            android:name="androidx.window.sidecar"
259-->[androidx.window:window:1.2.0] AndroidManifest.xml:27:13-51
260            android:required="false" />
260-->[androidx.window:window:1.2.0] AndroidManifest.xml:28:13-37
261
262        <meta-data
262-->[com.google.android.gms:play-services-basement:18.3.0] AndroidManifest.xml:21:9-23:69
263            android:name="com.google.android.gms.version"
263-->[com.google.android.gms:play-services-basement:18.3.0] AndroidManifest.xml:22:13-58
264            android:value="@integer/google_play_services_version" />
264-->[com.google.android.gms:play-services-basement:18.3.0] AndroidManifest.xml:23:13-66
265
266        <receiver
266-->[androidx.profileinstaller:profileinstaller:1.3.1] AndroidManifest.xml:34:9-52:20
267            android:name="androidx.profileinstaller.ProfileInstallReceiver"
267-->[androidx.profileinstaller:profileinstaller:1.3.1] AndroidManifest.xml:35:13-76
268            android:directBootAware="false"
268-->[androidx.profileinstaller:profileinstaller:1.3.1] AndroidManifest.xml:36:13-44
269            android:enabled="true"
269-->[androidx.profileinstaller:profileinstaller:1.3.1] AndroidManifest.xml:37:13-35
270            android:exported="true"
270-->[androidx.profileinstaller:profileinstaller:1.3.1] AndroidManifest.xml:38:13-36
271            android:permission="android.permission.DUMP" >
271-->[androidx.profileinstaller:profileinstaller:1.3.1] AndroidManifest.xml:39:13-57
272            <intent-filter>
272-->[androidx.profileinstaller:profileinstaller:1.3.1] AndroidManifest.xml:40:13-42:29
273                <action android:name="androidx.profileinstaller.action.INSTALL_PROFILE" />
273-->[androidx.profileinstaller:profileinstaller:1.3.1] AndroidManifest.xml:41:17-91
273-->[androidx.profileinstaller:profileinstaller:1.3.1] AndroidManifest.xml:41:25-88
274            </intent-filter>
275            <intent-filter>
275-->[androidx.profileinstaller:profileinstaller:1.3.1] AndroidManifest.xml:43:13-45:29
276                <action android:name="androidx.profileinstaller.action.SKIP_FILE" />
276-->[androidx.profileinstaller:profileinstaller:1.3.1] AndroidManifest.xml:44:17-85
276-->[androidx.profileinstaller:profileinstaller:1.3.1] AndroidManifest.xml:44:25-82
277            </intent-filter>
278            <intent-filter>
278-->[androidx.profileinstaller:profileinstaller:1.3.1] AndroidManifest.xml:46:13-48:29
279                <action android:name="androidx.profileinstaller.action.SAVE_PROFILE" />
279-->[androidx.profileinstaller:profileinstaller:1.3.1] AndroidManifest.xml:47:17-88
279-->[androidx.profileinstaller:profileinstaller:1.3.1] AndroidManifest.xml:47:25-85
280            </intent-filter>
281            <intent-filter>
281-->[androidx.profileinstaller:profileinstaller:1.3.1] AndroidManifest.xml:49:13-51:29
282                <action android:name="androidx.profileinstaller.action.BENCHMARK_OPERATION" />
282-->[androidx.profileinstaller:profileinstaller:1.3.1] AndroidManifest.xml:50:17-95
282-->[androidx.profileinstaller:profileinstaller:1.3.1] AndroidManifest.xml:50:25-92
283            </intent-filter>
284        </receiver>
285
286        <service
286-->[com.google.android.datatransport:transport-backend-cct:3.1.9] AndroidManifest.xml:28:9-34:19
287            android:name="com.google.android.datatransport.runtime.backends.TransportBackendDiscovery"